<?xml version="1.0" encoding="UTF-8"?>
<!-- Generated by org.testng.reporters.JUnitXMLReporter -->
<testsuite hostname="ASHOK-PC" ignored="4" name="Default test" tests="1" failures="0" timestamp="27 Jan 2018 14:30:54 GMT" time="26.422" errors="0">
  <testcase name="ElectronicsPagetest" time="10.075" classname="com.qa.test.HomePageTest"/>
  <testcase name="verifyHomePageTitle" time="0.0" classname="com.qa.test.HomePageTest">
    <ignored/>
  </testcase> <!-- verifyHomePageTitle -->
  <testcase name="SamsungPageTest" time="0.0" classname="com.qa.test.HomePageTest">
    <ignored/>
  </testcase> <!-- SamsungPageTest -->
  <testcase name="Electronics" time="0.0" classname="com.qa.test.HomePageTest">
    <ignored/>
  </testcase> <!-- Electronics -->
  <testcase name="MenFootweartest" time="0.0" classname="com.qa.test.HomePageTest">
    <ignored/>
  </testcase> <!-- MenFootweartest -->
</testsuite> <!-- Default test -->
