<?xml version="1.0" encoding="UTF-8"?>
<testsuite xmlns:xsi="http://www.w3.org/2001/XMLSchema-instance" xsi:noNamespaceSchemaLocation="https://maven.apache.org/surefire/maven-surefire-plugin/xsd/surefire-test-report.xsd" name="TestSuite" time="75.998" tests="5" errors="0" skipped="1" failures="1">
  <properties>
[...]
</properties>
  <testcase name="mult" classname="com.qa.test.DemoTest" time="0.074"/>
  <testcase name="sub" classname="com.qa.test.DemoTest" time="0.001"/>
  <testcase name="sum" classname="com.qa.test.DemoTest" time="0"/>
  <testcase name="browser" classname="com.qa.test.TestDemoGuru" time="74.997">
    <failure message="Failed to decode response from marionette&#10;Build info: version: &apos;3.7.1&apos;, revision: &apos;8a0099a&apos;, time: &apos;2017-11-06T21:01:39.354Z&apos;&#10;System info: host: &apos;ASHOK-PC&apos;, ip: &apos;192.168.43.142&apos;, os.name: &apos;Windows 7&apos;, os.arch: &apos;amd64&apos;, os.version: &apos;6.1&apos;, java.version: &apos;1.8.0_151&apos;&#10;Driver info: driver.version: FirefoxDriver&#10;remote stacktrace: stack backtrace:&#10;   0:           0x47e934 - &lt;no info&gt;&#10;   1:           0x47f0a3 - &lt;no info&gt;&#10;   2:           0x442511 - &lt;no info&gt;&#10;   3:           0x42b90e - &lt;no info&gt;&#10;   4:           0x406f5e - &lt;no info&gt;&#10;   5:           0x40cfc9 - &lt;no info&gt;&#10;   6:           0x6bef19 - &lt;no info&gt;&#10;   7:           0x420756 - &lt;no info&gt;&#10;   8:           0x6b96e0 - &lt;no info&gt;&#10;   9:         0x76ebf56d - BaseThreadInitThunk" type="org.openqa.selenium.WebDriverException"><![CDATA[org.openqa.selenium.WebDriverException: 
Failed to decode response from marionette
Build info: version: '3.7.1', revision: '8a0099a', time: '2017-11-06T21:01:39.354Z'
System info: host: 'ASHOK-PC', ip: '192.168.43.142', os.name: 'Windows 7', os.arch: 'amd64', os.version: '6.1', java.version: '1.8.0_151'
Driver info: driver.version: FirefoxDriver
remote stacktrace: stack backtrace:
   0:           0x47e934 - <no info>
   1:           0x47f0a3 - <no info>
   2:           0x442511 - <no info>
   3:           0x42b90e - <no info>
   4:           0x406f5e - <no info>
   5:           0x40cfc9 - <no info>
   6:           0x6bef19 - <no info>
   7:           0x420756 - <no info>
   8:           0x6b96e0 - <no info>
   9:         0x76ebf56d - BaseThreadInitThunk
	at com.qa.test.TestDemoGuru.browser(TestDemoGuru.java:20)
]]></failure>
    <system-err><![CDATA[1516949162353	geckodriver	INFO	geckodriver 0.19.1
1516949162384	geckodriver	INFO	Listening on 127.0.0.1:29077
1516949163037	mozrunner::runner	INFO	Running command: "C:\\Program Files\\Mozilla Firefox\\firefox.exe" "-marionette" "-profile" "C:\\Users\\ASHOK\\AppData\\Local\\Temp\\rust_mozprofile.yrzyB51qaPdf"
[GFX1-]: Mismatched driver versions between the registry 8.982.6.0 and DLL(s) 9.17.10.2843,  reported.
1516949172297	Marionette	INFO	Enabled via --marionette
[GFX1-]: Mismatched driver versions between the registry 8.982.6.0 and DLL(s) 9.17.10.2843,  reported.
[GFX1-]: Mismatched driver versions between the registry 8.982.6.0 and DLL(s) 9.17.10.2843,  reported.
A content process crashed and MOZ_CRASHREPORTER_SHUTDOWN is set, shutting down
1516949218679	addons.xpi	WARN	Exception running bootstrap method shutdown on activity-stream@mozilla.org: [Exception... "Component returned failure code: 0x80004005 (NS_ERROR_FAILURE) [nsIObserverService.removeObserver]"  nsresult: "0x80004005 (NS_ERROR_FAILURE)"  location: "JS frame :: resource://activity-stream/lib/SnippetsFeed.jsm :: uninit :: line 123"  data: no] Stack trace: uninit()@resource://activity-stream/lib/SnippetsFeed.jsm:123 < onAction()@resource://activity-stream/lib/SnippetsFeed.jsm:138 < _middleware/</<()@resource://activity-stream/lib/Store.jsm:52 < Store/this[method]()@resource://activity-stream/lib/Store.jsm:31 < uninit()@resource://activity-stream/lib/Store.jsm:151 < uninit()@resource://activity-stream/lib/ActivityStream.jsm:266 < uninit()@resource://gre/modules/addons/XPIProvider.jsm -> jar:file:///C:/Program%20Files/Mozilla%20Firefox/browser/features/activity-stream@mozilla.org.xpi!/bootstrap.js:80 < shutdown()@resource://gre/modules/addons/XPIProvider.jsm -> jar:file:///C:/Program%20Files/Mozilla%20Firefox/browser/features/activity-stream@mozilla.org.xpi!/bootstrap.js:196 < callBootstrapMethod()@resource://gre/modules/addons/XPIProvider.jsm:4509 < observe()@resource://gre/modules/addons/XPIProvider.jsm:2281 < observe()@resource:///modules/ContentCrashHandlers.jsm:155
[GFX1-]: Mismatched driver versions between the registry 8.982.6.0 and DLL(s) 9.17.10.2843,  reported.
1516949222151	Marionette	INFO	Listening on port 5071
1516949222520	Marionette	WARN	TLS certificate errors will be ignored for this session
WARNING: At least one completion condition is taking too long to complete. Conditions: [{"name":"SessionStore: flushing all windows","state":{"total":1,"current":0},"filename":"resource:///modules/sessionstore/SessionStore.jsm","lineNumber":1601,"stack":["resource:///modules/sessionstore/SessionStore.jsm:ssi_onQuitApplicationGranted:1601","resource:///modules/sessionstore/SessionStore.jsm:ssi_observe:778","resource:///modules/ContentCrashHandlers.jsm:observe:155"]}] Barrier: quit-application-granted
1516949233672	Marionette	DEBUG	Register listener.js for window 4294967297
]]></system-err>
  </testcase>
  <testcase name="EnterDetails" classname="com.qa.test.TestDemoGuru" time="0">
    <skipped message="Method TestDemoGuru.EnterDetails()[pri:0, instance:com.qa.test.TestDemoGuru@6fb554cc] depends on not successfully finished methods"/>
  </testcase>
</testsuite>