<?xml version="1.0" encoding="UTF-8"?>
<testng-results skipped="0" failed="0" ignored="4" total="5" passed="1">
  <reporter-output>
  </reporter-output>
  <suite name="Default suite" duration-ms="26422" started-at="2018-01-27T14:30:27Z" finished-at="2018-01-27T14:30:54Z">
    <groups>
    </groups>
    <test name="Default test" duration-ms="26422" started-at="2018-01-27T14:30:27Z" finished-at="2018-01-27T14:30:54Z">
      <class name="com.qa.test.HomePageTest">
        <test-method status="PASS" signature="setup()[pri:0, instance:com.qa.test.HomePageTest@343f4d3d]" name="setup" is-config="true" duration-ms="15502" started-at="2018-01-27T20:00:27Z" finished-at="2018-01-27T20:00:43Z">
          <reporter-output>
          </reporter-output>
        </test-method> <!-- setup -->
        <test-method status="PASS" signature="ElectronicsPagetest()[pri:4, instance:com.qa.test.HomePageTest@343f4d3d]" name="ElectronicsPagetest" duration-ms="10075" started-at="2018-01-27T20:00:43Z" finished-at="2018-01-27T20:00:53Z">
          <reporter-output>
          </reporter-output>
        </test-method> <!-- ElectronicsPagetest -->
        <test-method status="PASS" signature="quitBrowser()[pri:0, instance:com.qa.test.HomePageTest@343f4d3d]" name="quitBrowser" is-config="true" duration-ms="792" started-at="2018-01-27T20:00:53Z" finished-at="2018-01-27T20:00:54Z">
          <reporter-output>
          </reporter-output>
        </test-method> <!-- quitBrowser -->
      </class> <!-- com.qa.test.HomePageTest -->
    </test> <!-- Default test -->
  </suite> <!-- Default suite -->
</testng-results>
